 not specify the filling
 reading:../reference/Si_nonsoc/
 ncomp=           1
 
 =================
 
 lattice vec: bohr
  0.000000000000000E+000   5.16797092846617        5.16797092846617     
   5.16797092846617       0.000000000000000E+000   5.16797092846617     
   5.16797092846617        5.16797092846617       0.000000000000000E+000
 
 reci_vec: 1/bohr
 -0.607896734922656       0.607896734922656       0.607896734922656     
  0.607896734922656      -0.607896734922656       0.607896734922656     
  0.607896734922656       0.607896734922656      -0.607896734922656     
 
 =================
 symmetry operation type:
           1 E
           2 2-fold screw
           3 2-fold screw
           4 2-fold screw
           5 2-fold screw
           6 C2
           7 4-fold screw
           8 4-fold screw
           9 2-fold screw
          10 C2
          11 4-fold screw
          12 4-fold screw
          13 2-fold screw
          14 C2
          15 4-fold screw
          16 4-fold screw
          17 C3
          18 3-fold screw
          19 3-fold screw
          20 3-fold screw
          21 C3
          22 3-fold screw
          23 3-fold screw
          24 3-fold screw
          25 I
          26 glide
          27 glide
          28 glide
          29 glide
          30 M
          31 IC4+translation
          32 IC4+translation
          33 glide
          34 M
          35 IC4+translation
          36 IC4+translation
          37 glide
          38 M
          39 IC4+translation
          40 IC4+translation
          41 IC3
          42 IC3+translation
          43 IC3+translation
          44 IC3+translation
          45 IC3
          46 IC3+translation
          47 IC3+translation
          48 IC3+translation
 
 =================
 space group symmetry:
 
 rotation part:
           1
  1.00  0.00 -0.00
  0.00  1.00 -0.00
  0.00  0.00  1.00
 
           2
 -1.00 -0.00  0.00
 -0.00 -1.00  0.00
  0.00  0.00  1.00
 
           3
 -1.00 -0.00  0.00
  0.00  1.00 -0.00
 -0.00 -0.00 -1.00
 
           4
  1.00  0.00 -0.00
 -0.00 -1.00  0.00
 -0.00 -0.00 -1.00
 
           5
  0.00  1.00 -0.00
  1.00  0.00 -0.00
 -0.00 -0.00 -1.00
 
           6
 -0.00 -1.00  0.00
 -1.00 -0.00  0.00
 -0.00 -0.00 -1.00
 
           7
  0.00  1.00 -0.00
 -1.00 -0.00  0.00
  0.00  0.00  1.00
 
           8
 -0.00 -1.00  0.00
  1.00  0.00 -0.00
  0.00  0.00  1.00
 
           9
  0.00  0.00  1.00
 -0.00 -1.00  0.00
  1.00  0.00 -0.00
 
          10
 -0.00 -0.00 -1.00
 -0.00 -1.00  0.00
 -1.00 -0.00  0.00
 
          11
  0.00  0.00  1.00
  0.00  1.00 -0.00
 -1.00 -0.00  0.00
 
          12
 -0.00 -0.00 -1.00
  0.00  1.00 -0.00
  1.00  0.00 -0.00
 
          13
 -1.00 -0.00  0.00
  0.00  0.00  1.00
  0.00  1.00 -0.00
 
          14
 -1.00 -0.00  0.00
 -0.00 -0.00 -1.00
 -0.00 -1.00  0.00
 
          15
  1.00  0.00 -0.00
  0.00  0.00  1.00
 -0.00 -1.00  0.00
 
          16
  1.00  0.00 -0.00
 -0.00 -0.00 -1.00
  0.00  1.00 -0.00
 
          17
  0.00  1.00 -0.00
  0.00  0.00  1.00
  1.00  0.00 -0.00
 
          18
 -0.00 -1.00  0.00
  0.00  0.00  1.00
 -1.00 -0.00  0.00
 
          19
  0.00  1.00 -0.00
 -0.00 -0.00 -1.00
 -1.00 -0.00  0.00
 
          20
 -0.00 -1.00  0.00
 -0.00 -0.00 -1.00
  1.00  0.00 -0.00
 
          21
  0.00  0.00  1.00
  1.00  0.00 -0.00
  0.00  1.00 -0.00
 
          22
  0.00  0.00  1.00
 -1.00 -0.00  0.00
 -0.00 -1.00  0.00
 
          23
 -0.00 -0.00 -1.00
 -1.00 -0.00  0.00
  0.00  1.00 -0.00
 
          24
 -0.00 -0.00 -1.00
  1.00  0.00 -0.00
 -0.00 -1.00  0.00
 
          25
 -1.00 -0.00  0.00
 -0.00 -1.00  0.00
 -0.00 -0.00 -1.00
 
          26
  1.00  0.00 -0.00
  0.00  1.00 -0.00
 -0.00 -0.00 -1.00
 
          27
  1.00  0.00 -0.00
 -0.00 -1.00  0.00
  0.00  0.00  1.00
 
          28
 -1.00 -0.00  0.00
  0.00  1.00 -0.00
  0.00  0.00  1.00
 
          29
 -0.00 -1.00  0.00
 -1.00 -0.00  0.00
  0.00  0.00  1.00
 
          30
  0.00  1.00 -0.00
  1.00  0.00 -0.00
  0.00  0.00  1.00
 
          31
 -0.00 -1.00  0.00
  1.00  0.00 -0.00
 -0.00 -0.00 -1.00
 
          32
  0.00  1.00 -0.00
 -1.00 -0.00  0.00
 -0.00 -0.00 -1.00
 
          33
 -0.00 -0.00 -1.00
  0.00  1.00 -0.00
 -1.00 -0.00  0.00
 
          34
  0.00  0.00  1.00
  0.00  1.00 -0.00
  1.00  0.00 -0.00
 
          35
 -0.00 -0.00 -1.00
 -0.00 -1.00  0.00
  1.00  0.00 -0.00
 
          36
  0.00  0.00  1.00
 -0.00 -1.00  0.00
 -1.00 -0.00  0.00
 
          37
  1.00  0.00 -0.00
 -0.00 -0.00 -1.00
 -0.00 -1.00  0.00
 
          38
  1.00  0.00 -0.00
  0.00  0.00  1.00
  0.00  1.00 -0.00
 
          39
 -1.00 -0.00  0.00
 -0.00 -0.00 -1.00
  0.00  1.00 -0.00
 
          40
 -1.00 -0.00  0.00
  0.00  0.00  1.00
 -0.00 -1.00  0.00
 
          41
 -0.00 -1.00  0.00
 -0.00 -0.00 -1.00
 -1.00 -0.00  0.00
 
          42
  0.00  1.00 -0.00
 -0.00 -0.00 -1.00
  1.00  0.00 -0.00
 
          43
 -0.00 -1.00  0.00
  0.00  0.00  1.00
  1.00  0.00 -0.00
 
          44
  0.00  1.00 -0.00
  0.00  0.00  1.00
 -1.00 -0.00  0.00
 
          45
 -0.00 -0.00 -1.00
 -1.00 -0.00  0.00
 -0.00 -1.00  0.00
 
          46
 -0.00 -0.00 -1.00
  1.00  0.00 -0.00
  0.00  1.00 -0.00
 
          47
  0.00  0.00  1.00
  1.00  0.00 -0.00
 -0.00 -1.00  0.00
 
          48
  0.00  0.00  1.00
 -1.00 -0.00  0.00
  0.00  1.00 -0.00
 
 translation part:
           1
  0/  2   0/  2   0/  2
 
           2
  0/  2   0/  2  -1/  2
 
           3
  0/  2  -1/  2   0/  2
 
           4
 -1/  2   0/  2   0/  2
 
           5
  0/  2   0/  2   1/  2
 
           6
  0/  2   0/  2   0/  2
 
           7
  0/  2   1/  2   0/  2
 
           8
  1/  2   0/  2   0/  2
 
           9
  0/  2   1/  2   0/  2
 
          10
  0/  2   0/  2   0/  2
 
          11
  0/  2   0/  2   1/  2
 
          12
  1/  2   0/  2   0/  2
 
          13
  1/  2   0/  2   0/  2
 
          14
  0/  2   0/  2   0/  2
 
          15
  0/  2   0/  2   1/  2
 
          16
  0/  2   1/  2   0/  2
 
          17
  0/  2   0/  2   0/  2
 
          18
  0/  2  -1/  2   0/  2
 
          19
 -1/  2   0/  2   0/  2
 
          20
  0/  2   0/  2  -1/  2
 
          21
  0/  2   0/  2   0/  2
 
          22
 -1/  2   0/  2   0/  2
 
          23
  0/  2   0/  2  -1/  2
 
          24
  0/  2  -1/  2   0/  2
 
          25
  0/  2   0/  2   0/  2
 
          26
  0/  2   0/  2   1/  2
 
          27
  0/  2   1/  2   0/  2
 
          28
  1/  2   0/  2   0/  2
 
          29
  0/  2   0/  2  -1/  2
 
          30
  0/  2   0/  2   0/  2
 
          31
  0/  2  -1/  2   0/  2
 
          32
 -1/  2   0/  2   0/  2
 
          33
  0/  2  -1/  2   0/  2
 
          34
  0/  2   0/  2   0/  2
 
          35
  0/  2   0/  2  -1/  2
 
          36
 -1/  2   0/  2   0/  2
 
          37
 -1/  2   0/  2   0/  2
 
          38
  0/  2   0/  2   0/  2
 
          39
  0/  2   0/  2  -1/  2
 
          40
  0/  2  -1/  2   0/  2
 
          41
  0/  2   0/  2   0/  2
 
          42
  0/  2   1/  2   0/  2
 
          43
  1/  2   0/  2   0/  2
 
          44
  0/  2   0/  2   1/  2
 
          45
  0/  2   0/  2   0/  2
 
          46
  1/  2   0/  2   0/  2
 
          47
  0/  2   0/  2   1/  2
 
          48
  0/  2   1/  2   0/  2
 
 spin rotation part:
           1
  1.000000  0.000000  0.000000  0.000000
  0.000000  0.000000  1.000000  0.000000
 
           2
  0.000000 -1.000000  0.000000  0.000000
  0.000000  0.000000  0.000000  1.000000
 
           3
  0.000000  0.000000 -1.000000  0.000000
  1.000000  0.000000  0.000000 -0.000000
 
           4
  0.000000 -0.000000  0.000000  1.000000
 -0.000000  1.000000  0.000000  0.000000
 
           5
  0.000000  0.000000 -0.707107 -0.707107
  0.707107 -0.707107  0.000000  0.000000
 
           6
  0.000000  0.000000 -0.707107  0.707107
  0.707107  0.707107  0.000000  0.000000
 
           7
  0.707107  0.707107  0.000000 -0.000000
 -0.000000 -0.000000  0.707107 -0.707107
 
           8
  0.707107 -0.707107  0.000000 -0.000000
 -0.000000 -0.000000  0.707107  0.707107
 
           9
  0.000000  0.707107  0.000000  0.707107
 -0.000000  0.707107  0.000000 -0.707107
 
          10
  0.000000 -0.707107 -0.000000  0.707107
  0.000000  0.707107  0.000000  0.707107
 
          11
  0.707107  0.000000 -0.707107  0.000000
  0.707107  0.000000  0.707107 -0.000000
 
          12
  0.707107 -0.000000  0.707107 -0.000000
 -0.707107 -0.000000  0.707107  0.000000
 
          13
  0.000000  0.707107  0.707107  0.000000
 -0.707107  0.000000  0.000000 -0.707107
 
          14
  0.000000  0.707107 -0.707107  0.000000
  0.707107  0.000000  0.000000 -0.707107
 
          15
  0.707107 -0.000000  0.000000  0.707107
  0.000000  0.707107  0.707107  0.000000
 
          16
  0.707107  0.000000  0.000000 -0.707107
 -0.000000 -0.707107  0.707107 -0.000000
 
          17
  0.500000  0.500000  0.500000  0.500000
 -0.500000  0.500000  0.500000 -0.500000
 
          18
  0.500000 -0.500000 -0.500000  0.500000
  0.500000  0.500000  0.500000  0.500000
 
          19
  0.500000  0.500000 -0.500000 -0.500000
  0.500000 -0.500000  0.500000 -0.500000
 
          20
  0.500000 -0.500000  0.500000 -0.500000
 -0.500000 -0.500000  0.500000  0.500000
 
          21
  0.500000 -0.500000 -0.500000 -0.500000
  0.500000 -0.500000  0.500000  0.500000
 
          22
  0.500000  0.500000 -0.500000  0.500000
  0.500000  0.500000  0.500000 -0.500000
 
          23
  0.500000  0.500000  0.500000 -0.500000
 -0.500000 -0.500000  0.500000 -0.500000
 
          24
  0.500000 -0.500000  0.500000  0.500000
 -0.500000  0.500000  0.500000  0.500000
 
          25
  1.000000  0.000000  0.000000  0.000000
  0.000000  0.000000  1.000000  0.000000
 
          26
  0.000000 -1.000000  0.000000  0.000000
  0.000000  0.000000  0.000000  1.000000
 
          27
  0.000000  0.000000 -1.000000  0.000000
  1.000000  0.000000  0.000000 -0.000000
 
          28
  0.000000 -0.000000  0.000000  1.000000
 -0.000000  1.000000  0.000000  0.000000
 
          29
  0.000000  0.000000 -0.707107 -0.707107
  0.707107 -0.707107  0.000000  0.000000
 
          30
  0.000000  0.000000 -0.707107  0.707107
  0.707107  0.707107  0.000000  0.000000
 
          31
  0.707107  0.707107  0.000000 -0.000000
 -0.000000 -0.000000  0.707107 -0.707107
 
          32
  0.707107 -0.707107  0.000000 -0.000000
 -0.000000 -0.000000  0.707107  0.707107
 
          33
  0.000000  0.707107  0.000000  0.707107
 -0.000000  0.707107  0.000000 -0.707107
 
          34
  0.000000 -0.707107 -0.000000  0.707107
  0.000000  0.707107  0.000000  0.707107
 
          35
  0.707107  0.000000 -0.707107  0.000000
  0.707107  0.000000  0.707107 -0.000000
 
          36
  0.707107 -0.000000  0.707107 -0.000000
 -0.707107 -0.000000  0.707107  0.000000
 
          37
  0.000000  0.707107  0.707107  0.000000
 -0.707107  0.000000  0.000000 -0.707107
 
          38
  0.000000  0.707107 -0.707107  0.000000
  0.707107  0.000000  0.000000 -0.707107
 
          39
  0.707107 -0.000000  0.000000  0.707107
  0.000000  0.707107  0.707107  0.000000
 
          40
  0.707107  0.000000  0.000000 -0.707107
 -0.000000 -0.707107  0.707107 -0.000000
 
          41
  0.500000  0.500000  0.500000  0.500000
 -0.500000  0.500000  0.500000 -0.500000
 
          42
  0.500000 -0.500000 -0.500000  0.500000
  0.500000  0.500000  0.500000  0.500000
 
          43
  0.500000  0.500000 -0.500000 -0.500000
  0.500000 -0.500000  0.500000 -0.500000
 
          44
  0.500000 -0.500000  0.500000 -0.500000
 -0.500000 -0.500000  0.500000  0.500000
 
          45
  0.500000 -0.500000 -0.500000 -0.500000
  0.500000 -0.500000  0.500000  0.500000
 
          46
  0.500000  0.500000 -0.500000  0.500000
  0.500000  0.500000  0.500000 -0.500000
 
          47
  0.500000  0.500000  0.500000 -0.500000
 -0.500000 -0.500000  0.500000 -0.500000
 
          48
  0.500000 -0.500000  0.500000  0.500000
 -0.500000  0.500000  0.500000  0.500000
 
 =================
 
 NBAND:           8
 =================
 
 job done
