 reading:.
 filling:          30
 exporting an input file for CheckTopologicalMat
 ncomp=           2
 
 =================
 
 lattice vec: bohr
   4.35542822426000        2.51460765767000        7.54345514329000     
  -4.35542822426000        2.51460765767000        7.54345514329000     
  0.000000000000000E+000  -5.02921531534000        7.54345514329000     
 
 reci_vec: 1/bohr
  0.721305114406646       0.416445701977586       0.277644005645899     
 -0.721305114406646       0.416445701977586       0.277644005645899     
  0.000000000000000E+000 -0.832891403955173       0.277644005645899     
 
 =================
 symmetry operation type:
           1 E
           2 C2
           3 C3
           4 C3
           5 C2
           6 C2
           7 I
           8 M
           9 IC3
          10 IC3
          11 M
          12 M
 
 =================
 
 NBAND:          38
 =================
 
 job done
