 not specify the filling
 reading:.
 ncomp=           1
 
 =================
 
 lattice vec: bohr
   4.35542824329331        2.51460766865904        7.54345517626557     
  -4.35542824329331        2.51460766865904        7.54345517626557     
  0.000000000000000E+000  -5.02921533731809        7.54345517626557     
 
 reci_vec: 1/bohr
  0.721305111254528       0.416445700157684       0.277644004432202     
 -0.721305111254528       0.416445700157684       0.277644004432202     
  0.000000000000000E+000 -0.832891400315369       0.277644004432202     
 
 =================
 symmetry operation type:
           1 E
           2 C2
           3 C3
           4 C3
           5 C2
           6 C2
           7 I
           8 M
           9 IC3
          10 IC3
          11 M
          12 M
 
 =================
 
 NBAND:          19
 =================
 
 job done
