 reading:example/Si_nonsoc/
 filling:           4
 ncomp=           1
 
 =================
 
 lattice vec: bohr
  0.000000000000000E+000   5.16797092846617        5.16797092846617     
   5.16797092846617       0.000000000000000E+000   5.16797092846617     
   5.16797092846617        5.16797092846617       0.000000000000000E+000
 
 reci_vec: 1/bohr
 -0.607896734922656       0.607896734922656       0.607896734922656     
  0.607896734922656      -0.607896734922656       0.607896734922656     
  0.607896734922656       0.607896734922656      -0.607896734922656     
 
 =================
 symmetry operation type:
           1 E
           2 C2
           3 C2
           4 C2
           5 2-fold screw
           6 2-fold screw
           7 4-fold screw
           8 4-fold screw
           9 2-fold screw
          10 2-fold screw
          11 4-fold screw
          12 4-fold screw
          13 2-fold screw
          14 2-fold screw
          15 4-fold screw
          16 4-fold screw
          17 C3
          18 C3
          19 C3
          20 C3
          21 C3
          22 C3
          23 C3
          24 C3
          25 I+translation
          26 glide
          27 glide
          28 glide
          29 M
          30 M
          31 IC4
          32 IC4
          33 M
          34 M
          35 IC4
          36 IC4
          37 M
          38 M
          39 IC4
          40 IC4
          41 IC3+translation
          42 IC3+translation
          43 IC3+translation
          44 IC3+translation
          45 IC3+translation
          46 IC3+translation
          47 IC3+translation
          48 IC3+translation
 
 =================
 space group symmetry:
 
 rotation part:
           1
  1.00  0.00 -0.00
  0.00  1.00 -0.00
  0.00  0.00  1.00
 
           2
 -1.00 -0.00  0.00
 -0.00 -1.00  0.00
  0.00  0.00  1.00
 
           3
 -1.00 -0.00  0.00
  0.00  1.00 -0.00
 -0.00 -0.00 -1.00
 
           4
  1.00  0.00 -0.00
 -0.00 -1.00  0.00
 -0.00 -0.00 -1.00
 
           5
  0.00  1.00 -0.00
  1.00  0.00 -0.00
 -0.00 -0.00 -1.00
 
           6
 -0.00 -1.00  0.00
 -1.00 -0.00  0.00
 -0.00 -0.00 -1.00
 
           7
  0.00  1.00 -0.00
 -1.00 -0.00  0.00
  0.00  0.00  1.00
 
           8
 -0.00 -1.00  0.00
  1.00  0.00 -0.00
  0.00  0.00  1.00
 
           9
  0.00  0.00  1.00
 -0.00 -1.00  0.00
  1.00  0.00 -0.00
 
          10
 -0.00 -0.00 -1.00
 -0.00 -1.00  0.00
 -1.00 -0.00  0.00
 
          11
  0.00  0.00  1.00
  0.00  1.00 -0.00
 -1.00 -0.00  0.00
 
          12
 -0.00 -0.00 -1.00
  0.00  1.00 -0.00
  1.00  0.00 -0.00
 
          13
 -1.00 -0.00  0.00
  0.00  0.00  1.00
  0.00  1.00 -0.00
 
          14
 -1.00 -0.00  0.00
 -0.00 -0.00 -1.00
 -0.00 -1.00  0.00
 
          15
  1.00  0.00 -0.00
  0.00  0.00  1.00
 -0.00 -1.00  0.00
 
          16
  1.00  0.00 -0.00
 -0.00 -0.00 -1.00
  0.00  1.00 -0.00
 
          17
  0.00  1.00 -0.00
  0.00  0.00  1.00
  1.00  0.00 -0.00
 
          18
 -0.00 -1.00  0.00
  0.00  0.00  1.00
 -1.00 -0.00  0.00
 
          19
  0.00  1.00 -0.00
 -0.00 -0.00 -1.00
 -1.00 -0.00  0.00
 
          20
 -0.00 -1.00  0.00
 -0.00 -0.00 -1.00
  1.00  0.00 -0.00
 
          21
  0.00  0.00  1.00
  1.00  0.00 -0.00
  0.00  1.00 -0.00
 
          22
  0.00  0.00  1.00
 -1.00 -0.00  0.00
 -0.00 -1.00  0.00
 
          23
 -0.00 -0.00 -1.00
 -1.00 -0.00  0.00
  0.00  1.00 -0.00
 
          24
 -0.00 -0.00 -1.00
  1.00  0.00 -0.00
 -0.00 -1.00  0.00
 
          25
 -1.00 -0.00  0.00
 -0.00 -1.00  0.00
 -0.00 -0.00 -1.00
 
          26
  1.00  0.00 -0.00
  0.00  1.00 -0.00
 -0.00 -0.00 -1.00
 
          27
  1.00  0.00 -0.00
 -0.00 -1.00  0.00
  0.00  0.00  1.00
 
          28
 -1.00 -0.00  0.00
  0.00  1.00 -0.00
  0.00  0.00  1.00
 
          29
 -0.00 -1.00  0.00
 -1.00 -0.00  0.00
  0.00  0.00  1.00
 
          30
  0.00  1.00 -0.00
  1.00  0.00 -0.00
  0.00  0.00  1.00
 
          31
 -0.00 -1.00  0.00
  1.00  0.00 -0.00
 -0.00 -0.00 -1.00
 
          32
  0.00  1.00 -0.00
 -1.00 -0.00  0.00
 -0.00 -0.00 -1.00
 
          33
 -0.00 -0.00 -1.00
  0.00  1.00 -0.00
 -1.00 -0.00  0.00
 
          34
  0.00  0.00  1.00
  0.00  1.00 -0.00
  1.00  0.00 -0.00
 
          35
 -0.00 -0.00 -1.00
 -0.00 -1.00  0.00
  1.00  0.00 -0.00
 
          36
  0.00  0.00  1.00
 -0.00 -1.00  0.00
 -1.00 -0.00  0.00
 
          37
  1.00  0.00 -0.00
 -0.00 -0.00 -1.00
 -0.00 -1.00  0.00
 
          38
  1.00  0.00 -0.00
  0.00  0.00  1.00
  0.00  1.00 -0.00
 
          39
 -1.00 -0.00  0.00
 -0.00 -0.00 -1.00
  0.00  1.00 -0.00
 
          40
 -1.00 -0.00  0.00
  0.00  0.00  1.00
 -0.00 -1.00  0.00
 
          41
 -0.00 -1.00  0.00
 -0.00 -0.00 -1.00
 -1.00 -0.00  0.00
 
          42
  0.00  1.00 -0.00
 -0.00 -0.00 -1.00
  1.00  0.00 -0.00
 
          43
 -0.00 -1.00  0.00
  0.00  0.00  1.00
  1.00  0.00 -0.00
 
          44
  0.00  1.00 -0.00
  0.00  0.00  1.00
 -1.00 -0.00  0.00
 
          45
 -0.00 -0.00 -1.00
 -1.00 -0.00  0.00
 -0.00 -1.00  0.00
 
          46
 -0.00 -0.00 -1.00
  1.00  0.00 -0.00
  0.00  1.00 -0.00
 
          47
  0.00  0.00  1.00
  1.00  0.00 -0.00
 -0.00 -1.00  0.00
 
          48
  0.00  0.00  1.00
 -1.00 -0.00  0.00
  0.00  1.00 -0.00
 
 translation part:
           1
  0/  4   0/  4   0/  4
 
           2
  0/  4   0/  4   0/  4
 
           3
  0/  4   0/  4   0/  4
 
           4
  0/  4   0/  4   0/  4
 
           5
  1/  4   1/  4   1/  4
 
           6
  1/  4   1/  4   1/  4
 
           7
  1/  4   1/  4   1/  4
 
           8
  1/  4   1/  4   1/  4
 
           9
  1/  4   1/  4   1/  4
 
          10
  1/  4   1/  4   1/  4
 
          11
  1/  4   1/  4   1/  4
 
          12
  1/  4   1/  4   1/  4
 
          13
  1/  4   1/  4   1/  4
 
          14
  1/  4   1/  4   1/  4
 
          15
  1/  4   1/  4   1/  4
 
          16
  1/  4   1/  4   1/  4
 
          17
  0/  4   0/  4   0/  4
 
          18
  0/  4   0/  4   0/  4
 
          19
  0/  4   0/  4   0/  4
 
          20
  0/  4   0/  4   0/  4
 
          21
  0/  4   0/  4   0/  4
 
          22
  0/  4   0/  4   0/  4
 
          23
  0/  4   0/  4   0/  4
 
          24
  0/  4   0/  4   0/  4
 
          25
  1/  4   1/  4   1/  4
 
          26
  1/  4   1/  4   1/  4
 
          27
  1/  4   1/  4   1/  4
 
          28
  1/  4   1/  4   1/  4
 
          29
  0/  4   0/  4   0/  4
 
          30
  0/  4   0/  4   0/  4
 
          31
  0/  4   0/  4   0/  4
 
          32
  0/  4   0/  4   0/  4
 
          33
  0/  4   0/  4   0/  4
 
          34
  0/  4   0/  4   0/  4
 
          35
  0/  4   0/  4   0/  4
 
          36
  0/  4   0/  4   0/  4
 
          37
  0/  4   0/  4   0/  4
 
          38
  0/  4   0/  4   0/  4
 
          39
  0/  4   0/  4   0/  4
 
          40
  0/  4   0/  4   0/  4
 
          41
  1/  4   1/  4   1/  4
 
          42
  1/  4   1/  4   1/  4
 
          43
  1/  4   1/  4   1/  4
 
          44
  1/  4   1/  4   1/  4
 
          45
  1/  4   1/  4   1/  4
 
          46
  1/  4   1/  4   1/  4
 
          47
  1/  4   1/  4   1/  4
 
          48
  1/  4   1/  4   1/  4
 
 spin rotation part:
           1
  1.000000  0.000000  0.000000  0.000000
  0.000000  0.000000  1.000000  0.000000
 
           2
  0.000000 -1.000000  0.000000  0.000000
  0.000000  0.000000  0.000000  1.000000
 
           3
  0.000000  0.000000 -1.000000  0.000000
  1.000000  0.000000  0.000000 -0.000000
 
           4
  0.000000 -0.000000  0.000000  1.000000
 -0.000000  1.000000  0.000000  0.000000
 
           5
  0.000000  0.000000 -0.707107 -0.707107
  0.707107 -0.707107  0.000000  0.000000
 
           6
  0.000000  0.000000 -0.707107  0.707107
  0.707107  0.707107  0.000000  0.000000
 
           7
  0.707107  0.707107  0.000000 -0.000000
 -0.000000 -0.000000  0.707107 -0.707107
 
           8
  0.707107 -0.707107  0.000000 -0.000000
 -0.000000 -0.000000  0.707107  0.707107
 
           9
  0.000000  0.707107  0.000000  0.707107
 -0.000000  0.707107  0.000000 -0.707107
 
          10
  0.000000 -0.707107 -0.000000  0.707107
  0.000000  0.707107  0.000000  0.707107
 
          11
  0.707107  0.000000 -0.707107  0.000000
  0.707107  0.000000  0.707107 -0.000000
 
          12
  0.707107 -0.000000  0.707107 -0.000000
 -0.707107 -0.000000  0.707107  0.000000
 
          13
  0.000000  0.707107  0.707107  0.000000
 -0.707107  0.000000  0.000000 -0.707107
 
          14
  0.000000  0.707107 -0.707107  0.000000
  0.707107  0.000000  0.000000 -0.707107
 
          15
  0.707107 -0.000000  0.000000  0.707107
  0.000000  0.707107  0.707107  0.000000
 
          16
  0.707107  0.000000  0.000000 -0.707107
 -0.000000 -0.707107  0.707107 -0.000000
 
          17
  0.500000  0.500000  0.500000  0.500000
 -0.500000  0.500000  0.500000 -0.500000
 
          18
  0.500000 -0.500000 -0.500000  0.500000
  0.500000  0.500000  0.500000  0.500000
 
          19
  0.500000  0.500000 -0.500000 -0.500000
  0.500000 -0.500000  0.500000 -0.500000
 
          20
  0.500000 -0.500000  0.500000 -0.500000
 -0.500000 -0.500000  0.500000  0.500000
 
          21
  0.500000 -0.500000 -0.500000 -0.500000
  0.500000 -0.500000  0.500000  0.500000
 
          22
  0.500000  0.500000 -0.500000  0.500000
  0.500000  0.500000  0.500000 -0.500000
 
          23
  0.500000  0.500000  0.500000 -0.500000
 -0.500000 -0.500000  0.500000 -0.500000
 
          24
  0.500000 -0.500000  0.500000  0.500000
 -0.500000  0.500000  0.500000  0.500000
 
          25
  1.000000  0.000000  0.000000  0.000000
  0.000000  0.000000  1.000000  0.000000
 
          26
  0.000000 -1.000000  0.000000  0.000000
  0.000000  0.000000  0.000000  1.000000
 
          27
  0.000000  0.000000 -1.000000  0.000000
  1.000000  0.000000  0.000000 -0.000000
 
          28
  0.000000 -0.000000  0.000000  1.000000
 -0.000000  1.000000  0.000000  0.000000
 
          29
  0.000000  0.000000 -0.707107 -0.707107
  0.707107 -0.707107  0.000000  0.000000
 
          30
  0.000000  0.000000 -0.707107  0.707107
  0.707107  0.707107  0.000000  0.000000
 
          31
  0.707107  0.707107  0.000000 -0.000000
 -0.000000 -0.000000  0.707107 -0.707107
 
          32
  0.707107 -0.707107  0.000000 -0.000000
 -0.000000 -0.000000  0.707107  0.707107
 
          33
  0.000000  0.707107  0.000000  0.707107
 -0.000000  0.707107  0.000000 -0.707107
 
          34
  0.000000 -0.707107 -0.000000  0.707107
  0.000000  0.707107  0.000000  0.707107
 
          35
  0.707107  0.000000 -0.707107  0.000000
  0.707107  0.000000  0.707107 -0.000000
 
          36
  0.707107 -0.000000  0.707107 -0.000000
 -0.707107 -0.000000  0.707107  0.000000
 
          37
  0.000000  0.707107  0.707107  0.000000
 -0.707107  0.000000  0.000000 -0.707107
 
          38
  0.000000  0.707107 -0.707107  0.000000
  0.707107  0.000000  0.000000 -0.707107
 
          39
  0.707107 -0.000000  0.000000  0.707107
  0.000000  0.707107  0.707107  0.000000
 
          40
  0.707107  0.000000  0.000000 -0.707107
 -0.000000 -0.707107  0.707107 -0.000000
 
          41
  0.500000  0.500000  0.500000  0.500000
 -0.500000  0.500000  0.500000 -0.500000
 
          42
  0.500000 -0.500000 -0.500000  0.500000
  0.500000  0.500000  0.500000  0.500000
 
          43
  0.500000  0.500000 -0.500000 -0.500000
  0.500000 -0.500000  0.500000 -0.500000
 
          44
  0.500000 -0.500000  0.500000 -0.500000
 -0.500000 -0.500000  0.500000  0.500000
 
          45
  0.500000 -0.500000 -0.500000 -0.500000
  0.500000 -0.500000  0.500000  0.500000
 
          46
  0.500000  0.500000 -0.500000  0.500000
  0.500000  0.500000  0.500000 -0.500000
 
          47
  0.500000  0.500000  0.500000 -0.500000
 -0.500000 -0.500000  0.500000 -0.500000
 
          48
  0.500000 -0.500000  0.500000  0.500000
 -0.500000  0.500000  0.500000  0.500000
 
 =================
 
 NBAND:           8
 =================
 
 summation of parities for           8 k-points
   7.99999999999861     
 =================
 
 job done
