 not specify the filling
 reading:.
 ncomp=           1
 
 =================
 
 lattice vec: bohr
   14.4554240855000       0.000000000000000E+000  0.000000000000000E+000
  0.000000000000000E+000   8.53942102361000       0.000000000000000E+000
  0.000000000000000E+000  0.000000000000000E+000   15.4560926500000     
 
 reci_vec: 1/bohr
  0.434659354856434       0.000000000000000E+000  0.000000000000000E+000
  0.000000000000000E+000  0.735785867661014       0.000000000000000E+000
  0.000000000000000E+000  0.000000000000000E+000  0.406518351659828     
 
 =================
 symmetry operation type:
           1 E
           2 2-fold screw
           3 2-fold screw
           4 2-fold screw
           5 I
           6 glide
           7 glide
           8 glide
 
 =================
 
 NBAND:         106
 Warning: number of irreps is not an integer
 at k=  0.500000000000000       0.500000000000000       0.000000000000000E+000 
 and level=          27 :
 (0.458579004940740,-4.264861192059216E-018)
 Warning: number of irreps is not an integer
 at k=  0.500000000000000       0.500000000000000       0.000000000000000E+000 
 and level=          27 :
 (0.541420995059260,3.209254910631150E-018)
 Warning: number of irreps is not an integer
 at k=  0.500000000000000       0.500000000000000       0.500000000000000      
 and level=          27 :
 (0.562963443789740,8.513041990959095E-018)
 Warning: number of irreps is not an integer
 at k=  0.500000000000000       0.500000000000000       0.500000000000000      
 and level=          27 :
 (0.437036556210257,5.350568729999538E-018)
 =================
 
 job done
