 reading:.
 filling:          68
 exporting an input file for CheckTopologicalMat
 ncomp=           2
 
 =================
 
 lattice vec: bohr
   7.80854758078000       0.000000000000000E+000  0.000000000000000E+000
  0.000000000000000E+000   7.80854758078000       0.000000000000000E+000
  0.000000000000000E+000  0.000000000000000E+000   7.80854758078000     
 
 reci_vec: 1/bohr
  0.804654801956391       0.000000000000000E+000  0.000000000000000E+000
  0.000000000000000E+000  0.804654801956391       0.000000000000000E+000
  0.000000000000000E+000  0.000000000000000E+000  0.804654801956391     
 
 =================
 symmetry operation type:
           1 E
           2 C2
           3 C2
           4 C2
           5 C2
           6 C2
           7 C4
           8 C4
           9 C2
          10 C2
          11 C4
          12 C4
          13 C2
          14 C2
          15 C4
          16 C4
          17 C3
          18 C3
          19 C3
          20 C3
          21 C3
          22 C3
          23 C3
          24 C3
          25 I
          26 M
          27 M
          28 M
          29 M
          30 M
          31 IC4
          32 IC4
          33 M
          34 M
          35 IC4
          36 IC4
          37 M
          38 M
          39 IC4
          40 IC4
          41 IC3
          42 IC3
          43 IC3
          44 IC3
          45 IC3
          46 IC3
          47 IC3
          48 IC3
 
 =================
 
 NBAND:          82
 Warning: number of irreps is not an integer
 at k=  0.000000000000000E+000  0.000000000000000E+000  0.000000000000000E+000 
 and level=          28 :
 (0.499999999999489,3.469446951953614E-017)
 =================
 
 job done
