 reading:.
 filling:         176
 exporting an input file for CheckTopologicalMat
 ncomp=           2
 
 =================
 
 lattice vec: bohr
   14.4554240855000       0.000000000000000E+000  0.000000000000000E+000
  0.000000000000000E+000   8.53942102361000       0.000000000000000E+000
  0.000000000000000E+000  0.000000000000000E+000   15.4560926500000     
 
 reci_vec: 1/bohr
  0.434659354856434       0.000000000000000E+000  0.000000000000000E+000
  0.000000000000000E+000  0.735785867661014       0.000000000000000E+000
  0.000000000000000E+000  0.000000000000000E+000  0.406518351659828     
 
 =================
 symmetry operation type:
           1 E
           2 2-fold screw
           3 2-fold screw
           4 2-fold screw
           5 I
           6 glide
           7 glide
           8 glide
 
 =================
 
 NBAND:         212
 =================
 
 job done
