 reading:.
 filling:          30
 ncomp=           2
 
 =================
 
 lattice vec: bohr
   4.35542824329331        2.51460766865904        7.54345517626557     
  -4.35542824329331        2.51460766865904        7.54345517626557     
  0.000000000000000E+000  -5.02921533731809        7.54345517626557     
 
 reci_vec: 1/bohr
  0.721305111254528       0.416445700157684       0.277644004432202     
 -0.721305111254528       0.416445700157684       0.277644004432202     
  0.000000000000000E+000 -0.832891400315369       0.277644004432202     
 
 =================
 symmetry operation type:
           1 E
           2 C2
           3 C3
           4 C3
           5 C2
           6 C2
           7 I
           8 M
           9 IC3
          10 IC3
          11 M
          12 M
 
 =================
 space group symmetry:
 
 rotation part:
           1
  1.00  0.00  0.00
 -0.00  1.00 -0.00
  0.00  0.00  1.00
 
           2
  1.00  0.00  0.00
  0.00 -1.00  0.00
 -0.00  0.00 -1.00
 
           3
 -0.50 -0.87 -0.00
  0.87 -0.50 -0.00
  0.00  0.00  1.00
 
           4
 -0.50  0.87  0.00
 -0.87 -0.50 -0.00
  0.00  0.00  1.00
 
           5
 -0.50 -0.87 -0.00
 -0.87  0.50  0.00
  0.00  0.00 -1.00
 
           6
 -0.50  0.87  0.00
  0.87  0.50  0.00
  0.00  0.00 -1.00
 
           7
 -1.00  0.00  0.00
  0.00 -1.00  0.00
 -0.00  0.00 -1.00
 
           8
 -1.00  0.00  0.00
 -0.00  1.00 -0.00
  0.00  0.00  1.00
 
           9
  0.50  0.87  0.00
 -0.87  0.50  0.00
  0.00  0.00 -1.00
 
          10
  0.50 -0.87 -0.00
  0.87  0.50  0.00
  0.00  0.00 -1.00
 
          11
  0.50  0.87  0.00
  0.87 -0.50 -0.00
  0.00  0.00  1.00
 
          12
  0.50 -0.87 -0.00
 -0.87 -0.50 -0.00
  0.00  0.00  1.00
 
 translation part:
           1
  0/  1   0/  1   0/  1
 
           2
  0/  1   0/  1   0/  1
 
           3
  0/  1   0/  1   0/  1
 
           4
  0/  1   0/  1   0/  1
 
           5
  0/  1   0/  1   0/  1
 
           6
  0/  1   0/  1   0/  1
 
           7
  0/  1   0/  1   0/  1
 
           8
  0/  1   0/  1   0/  1
 
           9
  0/  1   0/  1   0/  1
 
          10
  0/  1   0/  1   0/  1
 
          11
  0/  1   0/  1   0/  1
 
          12
  0/  1   0/  1   0/  1
 
 spin rotation part:
           1
  1.000000  0.000000  0.000000  0.000000
  0.000000  0.000000  1.000000  0.000000
 
           2
  0.000000  0.000000  0.000000 -1.000000
  0.000000 -1.000000  0.000000  0.000000
 
           3
  0.500000 -0.866025  0.000000 -0.000000
 -0.000000 -0.000000  0.500000  0.866025
 
           4
  0.500000  0.866025 -0.000000 -0.000000
  0.000000 -0.000000  0.500000 -0.866025
 
           5
  0.000000 -0.000000 -0.866025  0.500000
  0.866025  0.500000  0.000000  0.000000
 
           6
  0.000000 -0.000000 -0.866025 -0.500000
  0.866025 -0.500000  0.000000  0.000000
 
           7
  1.000000  0.000000  0.000000  0.000000
  0.000000  0.000000  1.000000  0.000000
 
           8
  0.000000  0.000000  0.000000 -1.000000
  0.000000 -1.000000  0.000000  0.000000
 
           9
  0.500000 -0.866025  0.000000 -0.000000
 -0.000000 -0.000000  0.500000  0.866025
 
          10
  0.500000  0.866025 -0.000000 -0.000000
  0.000000 -0.000000  0.500000 -0.866025
 
          11
  0.000000 -0.000000 -0.866025  0.500000
  0.866025  0.500000  0.000000  0.000000
 
          12
  0.000000 -0.000000 -0.866025 -0.500000
  0.866025 -0.500000  0.000000  0.000000
 
 =================
 
 NBAND:          38
 =================
 
 summation of parities for           8 k-points
  -7.99999999999963     
 =================
 
 job done
